0 verbose cli /usr/local/bin/node /usr/local/bin/npm
1 info using npm@10.2.3
2 info using node@v20.10.0
3 timing npm:load:whichnode Completed in 1ms
4 timing config:load:defaults Completed in 2ms
5 timing config:load:file:/usr/local/lib/node_modules/npm/npmrc Completed in 0ms
6 timing config:load:builtin Completed in 0ms
7 timing config:load:cli Completed in 124ms
8 timing config:load:env Completed in 0ms
9 timing config:load:file:/Users/marynazhelobetska/Library/Caches/typescript/5.3/.npmrc Completed in 2ms
10 timing config:load:project Completed in 5ms
11 timing config:load:file:/Users/marynazhelobetska/.npmrc Completed in 0ms
12 timing config:load:user Completed in 0ms
13 timing config:load:file:/usr/local/etc/npmrc Completed in 1ms
14 timing config:load:global Completed in 1ms
15 timing config:load:setEnvs Completed in 1ms
16 timing config:load Completed in 134ms
17 timing npm:load:configload Completed in 134ms
18 timing config:load:flatten Completed in 2ms
19 timing npm:load:mkdirpcache Completed in 5ms
20 timing npm:load:mkdirplogs Completed in 0ms
21 verbose title npm install types-registry@latest
22 verbose argv "install" "--ignore-scripts" "types-registry@latest"
23 timing npm:load:setTitle Completed in 41ms
24 timing npm:load:display Completed in 1ms
25 verbose logfile logs-max:10 dir:/Users/marynazhelobetska/.npm/_logs/2024-01-02T14_53_59_705Z-
26 verbose logfile /Users/marynazhelobetska/.npm/_logs/2024-01-02T14_53_59_705Z-debug-0.log
27 timing npm:load:logFile Completed in 27ms
28 timing npm:load:timers Completed in 1ms
29 timing npm:load:configScope Completed in 0ms
30 timing npm:load Completed in 241ms
31 timing arborist:ctor Completed in 1ms
32 silly logfile start cleaning logs, removing 2 files
33 silly logfile done cleaning log files
34 timing idealTree:init Completed in 25ms
35 timing arborist:ctor Completed in 0ms
36 http fetch GET 200 https://registry.npmjs.org/types-registry 697ms (cache revalidated)
37 timing idealTree:userRequests Completed in 707ms
38 silly idealTree buildDeps
39 silly fetch manifest types-registry@0.1.677
40 silly placeDep ROOT types-registry@0.1.677 REPLACE for:  want: 0.1.677
41 timing idealTree:#root Completed in 7ms
42 timing idealTree:node_modules/types-registry Completed in 0ms
43 timing idealTree:buildDeps Completed in 8ms
44 timing idealTree:fixDepFlags Completed in 1ms
45 timing idealTree Completed in 742ms
46 timing reify:loadTrees Completed in 743ms
47 timing reify:diffTrees Completed in 2ms
48 silly reify moves {}
49 timing reify:retireShallow Completed in 1ms
50 timing reify:createSparse Completed in 0ms
51 timing reify:loadBundles Completed in 0ms
52 silly audit bulk request {
52 silly audit   '@types/prop-types': [ '15.7.11' ],
52 silly audit   '@types/react': [ '18.2.46' ],
52 silly audit   '@types/react-dom': [ '18.2.18' ],
52 silly audit   '@types/scheduler': [ '0.16.8' ],
52 silly audit   csstype: [ '3.1.3' ],
52 silly audit   'types-registry': [ '0.1.677' ]
52 silly audit }
53 timing reify:unpack Completed in 1ms
54 timing reify:unretire Completed in 0ms
55 timing build:queue Completed in 0ms
56 timing build:deps Completed in 1ms
57 timing build Completed in 1ms
58 timing reify:build Completed in 1ms
59 timing reify:trash Completed in 0ms
60 timing reify:save Completed in 8ms
61 http fetch POST 200 https://registry.npmjs.org/-/npm/v1/security/advisories/bulk 214ms
62 timing auditReport:getReport Completed in 216ms
63 silly audit report {}
64 timing auditReport:init Completed in 0ms
65 timing reify:audit Completed in 216ms
66 timing reify Completed in 1172ms
67 timing command:install Completed in 1178ms
68 verbose exit 0
69 timing npm Completed in 2476ms
70 info ok
